<?xml version="1.0" encoding="UTF-8"?>
<!-- Generated by org.testng.reporters.JUnitReportReporter -->
<testsuite hostname="ARUN" failures="0" tests="2" name="Test.LoginCreateDeleteLogout" time="29.238" errors="0" timestamp="29 Dec 2022 08:38:22 GMT" skipped="0">
  <testcase classname="Test.LoginCreateDeleteLogout" name="createCustomer" time="24.991"/>
  <testcase classname="Test.LoginCreateDeleteLogout" name="deletecustomer" time="4.247"/>
</testsuite> <!-- Test.LoginCreateDeleteLogout -->
